2023-02-09 14:49:48 INFO  UserServiceImpl:48 - Saving user - end:UserDTO(id=0, email=test2@gmail.com, password=Supa1807, isActive=true, roles=[ADMIN])
2023-02-09 17:54:44 INFO  AdTagServiceImpl:33 - Get all tags: [com.amirkenesbay.entity.AdTag@b28b92d9]
2023-02-10 22:26:10 INFO  AdTagServiceImpl:33 - Get all tags: [com.amirkenesbay.entity.AdTag@fa17b7eb]
2023-02-11 00:20:24 INFO  UserServiceImpl:28 - Saving user - start:UserDTO(id=0, email=test@gmail.com, password=Supa1807, isActive=true, roles=[ADMIN])
2023-02-11 00:20:24 INFO  RoleServiceImpl:22 - Get role by name: Optional.empty
2023-02-11 00:20:24 INFO  RoleServiceImpl:22 - Get role by name: Optional.empty
2023-02-11 00:20:24 INFO  UserServiceImpl:48 - Saving user - end:UserDTO(id=0, email=test@gmail.com, password=Supa1807, isActive=true, roles=[ADMIN])
2023-02-11 00:23:04 INFO  AdTagServiceImpl:33 - Get all tags: [com.amirkenesbay.entity.AdTag@fa17b7eb]
2023-02-11 00:24:20 INFO  AdTagServiceImpl:33 - Get all tags: [com.amirkenesbay.entity.AdTag@fa17b7eb, com.amirkenesbay.entity.AdTag@ce395d07]
2023-02-11 00:42:18 INFO  AdTagServiceImpl:33 - Get all tags: [com.amirkenesbay.entity.AdTag@fa17b7eb, com.amirkenesbay.entity.AdTag@ce395d07]
2023-02-11 00:47:53 INFO  AdTagServiceImpl:33 - Get all tags: [com.amirkenesbay.entity.AdTag@fa17b7eb, com.amirkenesbay.entity.AdTag@ce395d07]
2023-02-11 16:27:55 WARN  JwtAuthenticationFilter:51 - couldn't find bearer string, will ignore the header
2023-02-11 16:34:34 WARN  JwtAuthenticationFilter:51 - couldn't find bearer string, will ignore the header
2023-02-11 16:36:32 WARN  JwtAuthenticationFilter:51 - couldn't find bearer string, will ignore the header
2023-02-11 16:36:32 WARN  JwtAuthenticationFilter:51 - couldn't find bearer string, will ignore the header
2023-02-11 16:36:32 WARN  JwtAuthenticationFilter:51 - couldn't find bearer string, will ignore the header
2023-02-11 16:36:32 WARN  JwtAuthenticationFilter:51 - couldn't find bearer string, will ignore the header
2023-02-11 16:36:32 WARN  JwtAuthenticationFilter:51 - couldn't find bearer string, will ignore the header
2023-02-11 16:36:32 WARN  JwtAuthenticationFilter:51 - couldn't find bearer string, will ignore the header
2023-02-11 16:36:32 WARN  JwtAuthenticationFilter:51 - couldn't find bearer string, will ignore the header
2023-02-11 16:36:32 WARN  JwtAuthenticationFilter:51 - couldn't find bearer string, will ignore the header
2023-02-11 16:36:32 WARN  JwtAuthenticationFilter:51 - couldn't find bearer string, will ignore the header
2023-02-11 16:36:32 WARN  JwtAuthenticationFilter:51 - couldn't find bearer string, will ignore the header
2023-02-11 16:36:36 WARN  JwtAuthenticationFilter:51 - couldn't find bearer string, will ignore the header
2023-02-11 16:37:48 WARN  JwtAuthenticationFilter:51 - couldn't find bearer string, will ignore the header
2023-02-11 16:38:43 WARN  JwtAuthenticationFilter:51 - couldn't find bearer string, will ignore the header
2023-02-11 16:38:48 WARN  JwtAuthenticationFilter:51 - couldn't find bearer string, will ignore the header
2023-02-11 16:39:57 WARN  JwtAuthenticationFilter:51 - couldn't find bearer string, will ignore the header
2023-02-11 16:40:15 WARN  JwtAuthenticationFilter:51 - couldn't find bearer string, will ignore the header
2023-02-11 16:40:15 INFO  UserServiceImpl:28 - Saving user - start:UserDTO(id=0, email=test@gmail.com, password=Supa1807, isActive=true, roles=[ADMIN])
2023-02-11 16:40:15 INFO  RoleServiceImpl:22 - Get role by name: Optional.empty
2023-02-11 16:40:15 INFO  RoleServiceImpl:22 - Get role by name: Optional.empty
2023-02-11 16:40:15 INFO  UserServiceImpl:48 - Saving user - end:UserDTO(id=0, email=test@gmail.com, password=Supa1807, isActive=true, roles=[ADMIN])
2023-02-11 16:40:24 WARN  JwtAuthenticationFilter:51 - couldn't find bearer string, will ignore the header
2023-02-11 16:42:07 WARN  JwtAuthenticationFilter:51 - couldn't find bearer string, will ignore the header
2023-02-11 16:42:17 WARN  JwtAuthenticationFilter:51 - couldn't find bearer string, will ignore the header
2023-02-11 16:42:17 INFO  UserServiceImpl:28 - Saving user - start:UserDTO(id=0, email=test@gmail.com, password=Supa1807, isActive=true, roles=[ADMIN])
2023-02-11 16:42:17 INFO  RoleServiceImpl:22 - Get role by name: Optional.empty
2023-02-11 16:42:17 INFO  RoleServiceImpl:22 - Get role by name: Optional.empty
2023-02-11 16:42:17 INFO  UserServiceImpl:48 - Saving user - end:UserDTO(id=0, email=test@gmail.com, password=Supa1807, isActive=true, roles=[ADMIN])
2023-02-11 16:42:21 WARN  JwtAuthenticationFilter:51 - couldn't find bearer string, will ignore the header
2023-02-11 16:47:38 WARN  JwtAuthenticationFilter:51 - couldn't find bearer string, will ignore the header
2023-02-11 16:47:38 WARN  JwtAuthenticationFilter:51 - couldn't find bearer string, will ignore the header
2023-02-11 16:47:38 WARN  JwtAuthenticationFilter:51 - couldn't find bearer string, will ignore the header
2023-02-11 16:47:38 WARN  JwtAuthenticationFilter:51 - couldn't find bearer string, will ignore the header
2023-02-11 16:47:38 WARN  JwtAuthenticationFilter:51 - couldn't find bearer string, will ignore the header
2023-02-11 16:47:38 WARN  JwtAuthenticationFilter:51 - couldn't find bearer string, will ignore the header
2023-02-11 16:47:38 WARN  JwtAuthenticationFilter:51 - couldn't find bearer string, will ignore the header
2023-02-11 16:47:38 WARN  JwtAuthenticationFilter:51 - couldn't find bearer string, will ignore the header
2023-02-11 16:47:38 WARN  JwtAuthenticationFilter:51 - couldn't find bearer string, will ignore the header
2023-02-11 16:47:38 WARN  JwtAuthenticationFilter:51 - couldn't find bearer string, will ignore the header
2023-02-11 16:47:54 WARN  JwtAuthenticationFilter:51 - couldn't find bearer string, will ignore the header
2023-02-11 16:47:54 INFO  UserServiceImpl:28 - Saving user - start:UserDTO(id=0, email=test@gmail.com, password=Supa1807, isActive=true, roles=[ADMIN])
2023-02-11 16:47:54 INFO  RoleServiceImpl:22 - Get role by name: Optional.empty
2023-02-11 16:47:54 INFO  RoleServiceImpl:22 - Get role by name: Optional.empty
2023-02-11 16:47:54 INFO  UserServiceImpl:48 - Saving user - end:UserDTO(id=0, email=test@gmail.com, password=Supa1807, isActive=true, roles=[ADMIN])
2023-02-11 16:48:08 WARN  JwtAuthenticationFilter:51 - couldn't find bearer string, will ignore the header
2023-02-11 16:48:13 WARN  JwtAuthenticationFilter:51 - couldn't find bearer string, will ignore the header
2023-02-11 16:48:23 WARN  JwtAuthenticationFilter:51 - couldn't find bearer string, will ignore the header
2023-02-11 16:48:23 WARN  JwtAuthenticationFilter:51 - couldn't find bearer string, will ignore the header
2023-02-11 16:48:23 WARN  JwtAuthenticationFilter:51 - couldn't find bearer string, will ignore the header
2023-02-11 16:48:23 WARN  JwtAuthenticationFilter:51 - couldn't find bearer string, will ignore the header
2023-02-11 16:48:23 WARN  JwtAuthenticationFilter:51 - couldn't find bearer string, will ignore the header
2023-02-11 16:48:23 WARN  JwtAuthenticationFilter:51 - couldn't find bearer string, will ignore the header
2023-02-11 16:50:46 WARN  JwtAuthenticationFilter:51 - couldn't find bearer string, will ignore the header
2023-02-11 16:50:46 WARN  JwtAuthenticationFilter:51 - couldn't find bearer string, will ignore the header
2023-02-11 16:50:46 WARN  JwtAuthenticationFilter:51 - couldn't find bearer string, will ignore the header
2023-02-11 16:50:46 WARN  JwtAuthenticationFilter:51 - couldn't find bearer string, will ignore the header
2023-02-11 16:50:46 WARN  JwtAuthenticationFilter:51 - couldn't find bearer string, will ignore the header
2023-02-11 16:50:46 WARN  JwtAuthenticationFilter:51 - couldn't find bearer string, will ignore the header
2023-02-11 16:50:46 WARN  JwtAuthenticationFilter:51 - couldn't find bearer string, will ignore the header
2023-02-11 16:50:46 WARN  JwtAuthenticationFilter:51 - couldn't find bearer string, will ignore the header
2023-02-11 16:50:46 WARN  JwtAuthenticationFilter:51 - couldn't find bearer string, will ignore the header
2023-02-11 16:50:46 WARN  JwtAuthenticationFilter:51 - couldn't find bearer string, will ignore the header
2023-02-11 16:51:26 WARN  JwtAuthenticationFilter:51 - couldn't find bearer string, will ignore the header
2023-02-11 16:51:39 WARN  JwtAuthenticationFilter:51 - couldn't find bearer string, will ignore the header
2023-02-11 16:51:54 WARN  JwtAuthenticationFilter:51 - couldn't find bearer string, will ignore the header
2023-02-11 16:51:54 INFO  UserServiceImpl:28 - Saving user - start:UserDTO(id=0, email=test@gmail.com, password=Supa1807, isActive=true, roles=[ADMIN])
2023-02-11 16:51:54 INFO  RoleServiceImpl:22 - Get role by name: Optional.empty
2023-02-11 16:51:54 INFO  RoleServiceImpl:22 - Get role by name: Optional.empty
2023-02-11 16:51:54 INFO  UserServiceImpl:48 - Saving user - end:UserDTO(id=0, email=test@gmail.com, password=Supa1807, isActive=true, roles=[ADMIN])
2023-02-11 16:52:09 WARN  JwtAuthenticationFilter:51 - couldn't find bearer string, will ignore the header
2023-02-11 16:52:59 WARN  JwtAuthenticationFilter:51 - couldn't find bearer string, will ignore the header
2023-02-11 16:53:00 WARN  JwtAuthenticationFilter:51 - couldn't find bearer string, will ignore the header
2023-02-11 16:57:51 WARN  JwtAuthenticationFilter:51 - couldn't find bearer string, will ignore the header
2023-02-11 16:57:51 INFO  UserServiceImpl:28 - Saving user - start:UserDTO(id=0, email=test@gmail.com, password=Supa1807, isActive=true, roles=[ADMIN])
2023-02-11 16:57:51 ERROR UserServiceImpl:51 - Saving user - error:UserDTO(id=0, email=test@gmail.com, password=Supa1807, isActive=true, roles=[ADMIN])
2023-02-11 16:58:14 WARN  JwtAuthenticationFilter:51 - couldn't find bearer string, will ignore the header
2023-02-11 16:58:14 INFO  UserServiceImpl:28 - Saving user - start:UserDTO(id=0, email=test2@gmail.com, password=Supa1807, isActive=true, roles=[ADMIN])
2023-02-11 16:58:14 INFO  RoleServiceImpl:22 - Get role by name: Optional.empty
2023-02-11 16:58:14 INFO  RoleServiceImpl:22 - Get role by name: Optional.empty
2023-02-11 16:58:14 INFO  UserServiceImpl:48 - Saving user - end:UserDTO(id=0, email=test2@gmail.com, password=Supa1807, isActive=true, roles=[ADMIN])
2023-02-11 16:58:26 WARN  JwtAuthenticationFilter:51 - couldn't find bearer string, will ignore the header
2023-02-11 16:58:38 WARN  JwtAuthenticationFilter:51 - couldn't find bearer string, will ignore the header
2023-02-11 17:00:10 WARN  JwtAuthenticationFilter:51 - couldn't find bearer string, will ignore the header
2023-02-11 17:01:36 WARN  JwtAuthenticationFilter:51 - couldn't find bearer string, will ignore the header
2023-02-11 17:01:39 WARN  JwtAuthenticationFilter:51 - couldn't find bearer string, will ignore the header
2023-02-11 17:01:51 WARN  JwtAuthenticationFilter:51 - couldn't find bearer string, will ignore the header
2023-02-11 17:01:51 WARN  JwtAuthenticationFilter:51 - couldn't find bearer string, will ignore the header
2023-02-11 17:01:51 WARN  JwtAuthenticationFilter:51 - couldn't find bearer string, will ignore the header
2023-02-11 17:01:52 WARN  JwtAuthenticationFilter:51 - couldn't find bearer string, will ignore the header
2023-02-11 17:01:52 WARN  JwtAuthenticationFilter:51 - couldn't find bearer string, will ignore the header
2023-02-11 17:01:52 WARN  JwtAuthenticationFilter:51 - couldn't find bearer string, will ignore the header
2023-02-11 17:02:09 WARN  JwtAuthenticationFilter:51 - couldn't find bearer string, will ignore the header
2023-02-11 17:02:09 WARN  JwtAuthenticationFilter:51 - couldn't find bearer string, will ignore the header
2023-02-11 17:02:09 WARN  JwtAuthenticationFilter:51 - couldn't find bearer string, will ignore the header
2023-02-11 17:02:09 WARN  JwtAuthenticationFilter:51 - couldn't find bearer string, will ignore the header
2023-02-11 17:02:09 WARN  JwtAuthenticationFilter:51 - couldn't find bearer string, will ignore the header
2023-02-11 17:02:09 WARN  JwtAuthenticationFilter:51 - couldn't find bearer string, will ignore the header
2023-02-11 17:02:09 WARN  JwtAuthenticationFilter:51 - couldn't find bearer string, will ignore the header
2023-02-11 17:02:09 WARN  JwtAuthenticationFilter:51 - couldn't find bearer string, will ignore the header
2023-02-11 17:02:09 WARN  JwtAuthenticationFilter:51 - couldn't find bearer string, will ignore the header
2023-02-11 17:02:09 WARN  JwtAuthenticationFilter:51 - couldn't find bearer string, will ignore the header
2023-02-11 17:02:10 WARN  JwtAuthenticationFilter:51 - couldn't find bearer string, will ignore the header
2023-02-11 17:02:10 WARN  JwtAuthenticationFilter:51 - couldn't find bearer string, will ignore the header
2023-02-11 17:02:26 WARN  JwtAuthenticationFilter:51 - couldn't find bearer string, will ignore the header
2023-02-11 17:02:26 WARN  JwtAuthenticationFilter:51 - couldn't find bearer string, will ignore the header
2023-02-11 17:02:26 WARN  JwtAuthenticationFilter:51 - couldn't find bearer string, will ignore the header
2023-02-11 17:02:26 WARN  JwtAuthenticationFilter:51 - couldn't find bearer string, will ignore the header
2023-02-11 17:02:26 WARN  JwtAuthenticationFilter:51 - couldn't find bearer string, will ignore the header
2023-02-11 17:02:26 WARN  JwtAuthenticationFilter:51 - couldn't find bearer string, will ignore the header
2023-02-11 17:03:02 WARN  JwtAuthenticationFilter:51 - couldn't find bearer string, will ignore the header
2023-02-11 17:03:07 WARN  JwtAuthenticationFilter:51 - couldn't find bearer string, will ignore the header
2023-02-11 17:03:07 INFO  UserServiceImpl:28 - Saving user - start:UserDTO(id=0, email=test2@gmail.com, password=Supa1807, isActive=true, roles=[ADMIN])
2023-02-11 17:03:07 INFO  RoleServiceImpl:22 - Get role by name: Optional.empty
2023-02-11 17:03:07 INFO  RoleServiceImpl:22 - Get role by name: Optional.empty
2023-02-11 17:03:07 INFO  UserServiceImpl:48 - Saving user - end:UserDTO(id=0, email=test2@gmail.com, password=Supa1807, isActive=true, roles=[ADMIN])
2023-02-11 17:03:10 WARN  JwtAuthenticationFilter:51 - couldn't find bearer string, will ignore the header
2023-02-11 17:03:45 WARN  JwtAuthenticationFilter:51 - couldn't find bearer string, will ignore the header
2023-02-11 17:04:27 WARN  JwtAuthenticationFilter:51 - couldn't find bearer string, will ignore the header
2023-02-11 17:04:34 WARN  JwtAuthenticationFilter:51 - couldn't find bearer string, will ignore the header
2023-02-11 17:04:37 WARN  JwtAuthenticationFilter:51 - couldn't find bearer string, will ignore the header
2023-02-11 17:04:50 WARN  JwtAuthenticationFilter:51 - couldn't find bearer string, will ignore the header
2023-02-11 17:04:50 WARN  JwtAuthenticationFilter:51 - couldn't find bearer string, will ignore the header
2023-02-11 17:04:50 WARN  JwtAuthenticationFilter:51 - couldn't find bearer string, will ignore the header
2023-02-11 17:04:50 WARN  JwtAuthenticationFilter:51 - couldn't find bearer string, will ignore the header
2023-02-11 17:04:50 WARN  JwtAuthenticationFilter:51 - couldn't find bearer string, will ignore the header
2023-02-11 17:04:50 WARN  JwtAuthenticationFilter:51 - couldn't find bearer string, will ignore the header
2023-02-11 17:05:38 WARN  JwtAuthenticationFilter:51 - couldn't find bearer string, will ignore the header
2023-02-11 17:05:38 WARN  JwtAuthenticationFilter:51 - couldn't find bearer string, will ignore the header
2023-02-11 17:05:38 WARN  JwtAuthenticationFilter:51 - couldn't find bearer string, will ignore the header
2023-02-11 17:05:38 WARN  JwtAuthenticationFilter:51 - couldn't find bearer string, will ignore the header
2023-02-11 17:05:38 WARN  JwtAuthenticationFilter:51 - couldn't find bearer string, will ignore the header
2023-02-11 17:05:38 WARN  JwtAuthenticationFilter:51 - couldn't find bearer string, will ignore the header
2023-02-11 17:05:38 WARN  JwtAuthenticationFilter:51 - couldn't find bearer string, will ignore the header
2023-02-11 17:05:38 WARN  JwtAuthenticationFilter:51 - couldn't find bearer string, will ignore the header
2023-02-11 17:05:38 WARN  JwtAuthenticationFilter:51 - couldn't find bearer string, will ignore the header
2023-02-11 17:05:38 WARN  JwtAuthenticationFilter:51 - couldn't find bearer string, will ignore the header
2023-02-11 17:05:59 WARN  JwtAuthenticationFilter:51 - couldn't find bearer string, will ignore the header
2023-02-11 17:05:59 WARN  JwtAuthenticationFilter:51 - couldn't find bearer string, will ignore the header
2023-02-11 17:05:59 WARN  JwtAuthenticationFilter:51 - couldn't find bearer string, will ignore the header
2023-02-11 17:05:59 WARN  JwtAuthenticationFilter:51 - couldn't find bearer string, will ignore the header
2023-02-11 17:05:59 WARN  JwtAuthenticationFilter:51 - couldn't find bearer string, will ignore the header
2023-02-11 17:05:59 WARN  JwtAuthenticationFilter:51 - couldn't find bearer string, will ignore the header
2023-02-11 17:06:00 WARN  JwtAuthenticationFilter:51 - couldn't find bearer string, will ignore the header
2023-02-11 17:06:00 WARN  JwtAuthenticationFilter:51 - couldn't find bearer string, will ignore the header
2023-02-11 17:06:00 WARN  JwtAuthenticationFilter:51 - couldn't find bearer string, will ignore the header
2023-02-11 17:06:00 WARN  JwtAuthenticationFilter:51 - couldn't find bearer string, will ignore the header
2023-02-11 17:06:18 WARN  JwtAuthenticationFilter:51 - couldn't find bearer string, will ignore the header
2023-02-11 17:06:24 WARN  JwtAuthenticationFilter:51 - couldn't find bearer string, will ignore the header
2023-02-11 17:06:24 INFO  AdTagServiceImpl:33 - Get all tags: [com.amirkenesbay.entity.AdTag@cb81fd1]
2023-02-11 17:06:35 WARN  JwtAuthenticationFilter:51 - couldn't find bearer string, will ignore the header
2023-02-11 17:08:11 WARN  JwtAuthenticationFilter:51 - couldn't find bearer string, will ignore the header
2023-02-11 17:08:11 INFO  UserServiceImpl:28 - Saving user - start:UserDTO(id=0, email=test@gmail.com, password=Supa1807, isActive=true, roles=[ADMIN])
2023-02-11 17:08:11 INFO  RoleServiceImpl:22 - Get role by name: Optional.empty
2023-02-11 17:08:11 INFO  RoleServiceImpl:22 - Get role by name: Optional.empty
2023-02-11 17:08:11 INFO  UserServiceImpl:48 - Saving user - end:UserDTO(id=0, email=test@gmail.com, password=Supa1807, isActive=true, roles=[ADMIN])
2023-02-11 17:08:29 WARN  JwtAuthenticationFilter:51 - couldn't find bearer string, will ignore the header
2023-02-11 17:10:40 WARN  JwtAuthenticationFilter:51 - couldn't find bearer string, will ignore the header
2023-02-11 17:10:41 WARN  JwtAuthenticationFilter:51 - couldn't find bearer string, will ignore the header
2023-02-11 17:10:49 WARN  JwtAuthenticationFilter:51 - couldn't find bearer string, will ignore the header
2023-02-11 17:10:49 WARN  JwtAuthenticationFilter:51 - couldn't find bearer string, will ignore the header
2023-02-11 17:10:49 WARN  JwtAuthenticationFilter:51 - couldn't find bearer string, will ignore the header
2023-02-11 17:10:49 WARN  JwtAuthenticationFilter:51 - couldn't find bearer string, will ignore the header
2023-02-11 17:10:49 WARN  JwtAuthenticationFilter:51 - couldn't find bearer string, will ignore the header
2023-02-11 17:10:49 WARN  JwtAuthenticationFilter:51 - couldn't find bearer string, will ignore the header
2023-02-11 17:10:49 WARN  JwtAuthenticationFilter:51 - couldn't find bearer string, will ignore the header
2023-02-11 17:10:49 WARN  JwtAuthenticationFilter:51 - couldn't find bearer string, will ignore the header
2023-02-11 17:10:49 WARN  JwtAuthenticationFilter:51 - couldn't find bearer string, will ignore the header
2023-02-11 17:10:49 WARN  JwtAuthenticationFilter:51 - couldn't find bearer string, will ignore the header
2023-02-11 17:10:49 WARN  JwtAuthenticationFilter:51 - couldn't find bearer string, will ignore the header
2023-02-11 17:10:49 WARN  JwtAuthenticationFilter:51 - couldn't find bearer string, will ignore the header
2023-02-11 17:10:49 WARN  JwtAuthenticationFilter:51 - couldn't find bearer string, will ignore the header
2023-02-11 17:10:49 WARN  JwtAuthenticationFilter:51 - couldn't find bearer string, will ignore the header
2023-02-11 17:10:49 WARN  JwtAuthenticationFilter:51 - couldn't find bearer string, will ignore the header
2023-02-11 17:10:49 WARN  JwtAuthenticationFilter:51 - couldn't find bearer string, will ignore the header
2023-02-11 17:10:49 WARN  JwtAuthenticationFilter:51 - couldn't find bearer string, will ignore the header
2023-02-11 17:10:49 WARN  JwtAuthenticationFilter:51 - couldn't find bearer string, will ignore the header
2023-02-11 17:10:50 WARN  JwtAuthenticationFilter:51 - couldn't find bearer string, will ignore the header
2023-02-11 17:10:50 WARN  JwtAuthenticationFilter:51 - couldn't find bearer string, will ignore the header
2023-02-11 17:10:50 WARN  JwtAuthenticationFilter:51 - couldn't find bearer string, will ignore the header
2023-02-11 17:10:51 WARN  JwtAuthenticationFilter:51 - couldn't find bearer string, will ignore the header
2023-02-11 17:10:51 WARN  JwtAuthenticationFilter:51 - couldn't find bearer string, will ignore the header
2023-02-11 17:10:51 WARN  JwtAuthenticationFilter:51 - couldn't find bearer string, will ignore the header
2023-02-11 17:10:51 WARN  JwtAuthenticationFilter:51 - couldn't find bearer string, will ignore the header
2023-02-11 17:10:58 WARN  JwtAuthenticationFilter:51 - couldn't find bearer string, will ignore the header
2023-02-11 17:10:58 WARN  JwtAuthenticationFilter:51 - couldn't find bearer string, will ignore the header
2023-02-11 17:10:58 WARN  JwtAuthenticationFilter:51 - couldn't find bearer string, will ignore the header
2023-02-11 17:10:58 WARN  JwtAuthenticationFilter:51 - couldn't find bearer string, will ignore the header
2023-02-11 17:10:58 WARN  JwtAuthenticationFilter:51 - couldn't find bearer string, will ignore the header
2023-02-11 17:13:07 WARN  JwtAuthenticationFilter:51 - couldn't find bearer string, will ignore the header
2023-02-11 17:13:07 WARN  JwtAuthenticationFilter:51 - couldn't find bearer string, will ignore the header
2023-02-11 17:13:07 WARN  JwtAuthenticationFilter:51 - couldn't find bearer string, will ignore the header
2023-02-11 17:13:07 WARN  JwtAuthenticationFilter:51 - couldn't find bearer string, will ignore the header
2023-02-11 17:13:07 WARN  JwtAuthenticationFilter:51 - couldn't find bearer string, will ignore the header
2023-02-11 17:13:10 WARN  JwtAuthenticationFilter:51 - couldn't find bearer string, will ignore the header
2023-02-11 17:13:10 WARN  JwtAuthenticationFilter:51 - couldn't find bearer string, will ignore the header
2023-02-11 17:13:10 WARN  JwtAuthenticationFilter:51 - couldn't find bearer string, will ignore the header
2023-02-11 17:13:10 WARN  JwtAuthenticationFilter:51 - couldn't find bearer string, will ignore the header
2023-02-11 17:13:10 WARN  JwtAuthenticationFilter:51 - couldn't find bearer string, will ignore the header
2023-02-11 17:14:26 WARN  JwtAuthenticationFilter:51 - couldn't find bearer string, will ignore the header
2023-02-11 17:14:27 WARN  JwtAuthenticationFilter:51 - couldn't find bearer string, will ignore the header
2023-02-11 17:14:27 WARN  JwtAuthenticationFilter:51 - couldn't find bearer string, will ignore the header
2023-02-11 17:14:27 WARN  JwtAuthenticationFilter:51 - couldn't find bearer string, will ignore the header
2023-02-11 17:14:27 WARN  JwtAuthenticationFilter:51 - couldn't find bearer string, will ignore the header
2023-02-11 17:14:27 WARN  JwtAuthenticationFilter:51 - couldn't find bearer string, will ignore the header
2023-02-11 17:14:31 WARN  JwtAuthenticationFilter:51 - couldn't find bearer string, will ignore the header
2023-02-11 17:14:31 WARN  JwtAuthenticationFilter:51 - couldn't find bearer string, will ignore the header
2023-02-11 17:14:31 WARN  JwtAuthenticationFilter:51 - couldn't find bearer string, will ignore the header
2023-02-11 17:14:31 WARN  JwtAuthenticationFilter:51 - couldn't find bearer string, will ignore the header
2023-02-11 17:14:31 WARN  JwtAuthenticationFilter:51 - couldn't find bearer string, will ignore the header
2023-02-11 17:14:31 WARN  JwtAuthenticationFilter:51 - couldn't find bearer string, will ignore the header
2023-02-11 17:14:31 WARN  JwtAuthenticationFilter:51 - couldn't find bearer string, will ignore the header
2023-02-11 17:14:31 WARN  JwtAuthenticationFilter:51 - couldn't find bearer string, will ignore the header
2023-02-11 17:14:31 WARN  JwtAuthenticationFilter:51 - couldn't find bearer string, will ignore the header
2023-02-11 17:14:31 WARN  JwtAuthenticationFilter:51 - couldn't find bearer string, will ignore the header
2023-02-11 17:14:31 WARN  JwtAuthenticationFilter:51 - couldn't find bearer string, will ignore the header
2023-02-11 17:14:31 WARN  JwtAuthenticationFilter:51 - couldn't find bearer string, will ignore the header
2023-02-11 17:14:31 WARN  JwtAuthenticationFilter:51 - couldn't find bearer string, will ignore the header
2023-02-11 17:14:31 WARN  JwtAuthenticationFilter:51 - couldn't find bearer string, will ignore the header
2023-02-11 17:14:31 WARN  JwtAuthenticationFilter:51 - couldn't find bearer string, will ignore the header
2023-02-11 17:14:31 WARN  JwtAuthenticationFilter:51 - couldn't find bearer string, will ignore the header
2023-02-11 17:14:31 WARN  JwtAuthenticationFilter:51 - couldn't find bearer string, will ignore the header
2023-02-11 17:14:31 WARN  JwtAuthenticationFilter:51 - couldn't find bearer string, will ignore the header
2023-02-11 17:14:31 WARN  JwtAuthenticationFilter:51 - couldn't find bearer string, will ignore the header
2023-02-11 17:14:31 WARN  JwtAuthenticationFilter:51 - couldn't find bearer string, will ignore the header
2023-02-11 17:14:31 WARN  JwtAuthenticationFilter:51 - couldn't find bearer string, will ignore the header
2023-02-11 17:14:31 WARN  JwtAuthenticationFilter:51 - couldn't find bearer string, will ignore the header
2023-02-11 17:14:31 WARN  JwtAuthenticationFilter:51 - couldn't find bearer string, will ignore the header
2023-02-11 17:14:32 WARN  JwtAuthenticationFilter:51 - couldn't find bearer string, will ignore the header
2023-02-11 17:14:32 WARN  JwtAuthenticationFilter:51 - couldn't find bearer string, will ignore the header
2023-02-11 17:14:32 WARN  JwtAuthenticationFilter:51 - couldn't find bearer string, will ignore the header
2023-02-11 17:14:32 WARN  JwtAuthenticationFilter:51 - couldn't find bearer string, will ignore the header
2023-02-11 17:14:32 WARN  JwtAuthenticationFilter:51 - couldn't find bearer string, will ignore the header
2023-02-11 17:14:32 WARN  JwtAuthenticationFilter:51 - couldn't find bearer string, will ignore the header
2023-02-11 17:14:32 WARN  JwtAuthenticationFilter:51 - couldn't find bearer string, will ignore the header
2023-02-11 17:14:36 WARN  JwtAuthenticationFilter:51 - couldn't find bearer string, will ignore the header
2023-02-11 17:14:36 WARN  JwtAuthenticationFilter:51 - couldn't find bearer string, will ignore the header
2023-02-11 17:14:42 WARN  JwtAuthenticationFilter:51 - couldn't find bearer string, will ignore the header
2023-02-11 17:14:42 WARN  JwtAuthenticationFilter:51 - couldn't find bearer string, will ignore the header
2023-02-11 17:15:24 WARN  JwtAuthenticationFilter:51 - couldn't find bearer string, will ignore the header
2023-02-11 17:15:24 WARN  JwtAuthenticationFilter:51 - couldn't find bearer string, will ignore the header
2023-02-11 17:15:24 WARN  JwtAuthenticationFilter:51 - couldn't find bearer string, will ignore the header
2023-02-11 17:15:24 WARN  JwtAuthenticationFilter:51 - couldn't find bearer string, will ignore the header
2023-02-11 17:15:24 WARN  JwtAuthenticationFilter:51 - couldn't find bearer string, will ignore the header
2023-02-11 17:15:24 WARN  JwtAuthenticationFilter:51 - couldn't find bearer string, will ignore the header
2023-02-11 17:15:25 WARN  JwtAuthenticationFilter:51 - couldn't find bearer string, will ignore the header
2023-02-11 17:15:25 WARN  JwtAuthenticationFilter:51 - couldn't find bearer string, will ignore the header
2023-02-11 17:15:25 WARN  JwtAuthenticationFilter:51 - couldn't find bearer string, will ignore the header
2023-02-11 17:15:25 WARN  JwtAuthenticationFilter:51 - couldn't find bearer string, will ignore the header
2023-02-11 17:16:22 WARN  JwtAuthenticationFilter:51 - couldn't find bearer string, will ignore the header
2023-02-11 17:16:22 WARN  JwtAuthenticationFilter:51 - couldn't find bearer string, will ignore the header
2023-02-11 17:16:22 WARN  JwtAuthenticationFilter:51 - couldn't find bearer string, will ignore the header
2023-02-11 17:16:22 WARN  JwtAuthenticationFilter:51 - couldn't find bearer string, will ignore the header
2023-02-11 17:16:22 WARN  JwtAuthenticationFilter:51 - couldn't find bearer string, will ignore the header
2023-02-11 17:16:22 WARN  JwtAuthenticationFilter:51 - couldn't find bearer string, will ignore the header
2023-02-11 17:16:22 WARN  JwtAuthenticationFilter:51 - couldn't find bearer string, will ignore the header
2023-02-11 17:16:22 WARN  JwtAuthenticationFilter:51 - couldn't find bearer string, will ignore the header
2023-02-11 17:16:22 WARN  JwtAuthenticationFilter:51 - couldn't find bearer string, will ignore the header
2023-02-11 17:16:22 WARN  JwtAuthenticationFilter:51 - couldn't find bearer string, will ignore the header
2023-02-11 17:16:34 WARN  JwtAuthenticationFilter:51 - couldn't find bearer string, will ignore the header
2023-02-11 17:16:50 WARN  JwtAuthenticationFilter:51 - couldn't find bearer string, will ignore the header
2023-02-11 17:16:50 WARN  JwtAuthenticationFilter:51 - couldn't find bearer string, will ignore the header
2023-02-11 17:16:50 WARN  JwtAuthenticationFilter:51 - couldn't find bearer string, will ignore the header
2023-02-11 17:16:50 WARN  JwtAuthenticationFilter:51 - couldn't find bearer string, will ignore the header
2023-02-11 17:16:50 WARN  JwtAuthenticationFilter:51 - couldn't find bearer string, will ignore the header
2023-02-11 17:16:50 WARN  JwtAuthenticationFilter:51 - couldn't find bearer string, will ignore the header
2023-02-11 17:16:50 WARN  JwtAuthenticationFilter:51 - couldn't find bearer string, will ignore the header
2023-02-11 17:16:50 WARN  JwtAuthenticationFilter:51 - couldn't find bearer string, will ignore the header
2023-02-11 17:16:50 WARN  JwtAuthenticationFilter:51 - couldn't find bearer string, will ignore the header
2023-02-11 17:16:50 WARN  JwtAuthenticationFilter:51 - couldn't find bearer string, will ignore the header
2023-02-11 17:16:59 WARN  JwtAuthenticationFilter:51 - couldn't find bearer string, will ignore the header
2023-02-11 17:16:59 INFO  UserServiceImpl:28 - Saving user - start:UserDTO(id=0, email=test@gmail.com, password=Supa1807, isActive=true, roles=[string])
2023-02-11 17:17:00 INFO  RoleServiceImpl:22 - Get role by name: Optional.empty
2023-02-11 17:17:00 INFO  RoleServiceImpl:22 - Get role by name: Optional.empty
2023-02-11 17:17:00 INFO  UserServiceImpl:48 - Saving user - end:UserDTO(id=0, email=test@gmail.com, password=Supa1807, isActive=true, roles=[string])
2023-02-11 17:17:13 WARN  JwtAuthenticationFilter:51 - couldn't find bearer string, will ignore the header
2023-02-11 17:18:28 WARN  JwtAuthenticationFilter:51 - couldn't find bearer string, will ignore the header
2023-02-11 17:18:42 WARN  JwtAuthenticationFilter:51 - couldn't find bearer string, will ignore the header
2023-02-11 17:18:42 WARN  JwtAuthenticationFilter:51 - couldn't find bearer string, will ignore the header
2023-02-11 17:18:42 WARN  JwtAuthenticationFilter:51 - couldn't find bearer string, will ignore the header
2023-02-11 17:18:42 WARN  JwtAuthenticationFilter:51 - couldn't find bearer string, will ignore the header
2023-02-11 17:18:42 WARN  JwtAuthenticationFilter:51 - couldn't find bearer string, will ignore the header
2023-02-11 17:18:43 WARN  JwtAuthenticationFilter:51 - couldn't find bearer string, will ignore the header
2023-02-11 17:18:43 WARN  JwtAuthenticationFilter:51 - couldn't find bearer string, will ignore the header
2023-02-11 17:18:43 WARN  JwtAuthenticationFilter:51 - couldn't find bearer string, will ignore the header
2023-02-11 17:18:43 WARN  JwtAuthenticationFilter:51 - couldn't find bearer string, will ignore the header
2023-02-11 17:18:43 WARN  JwtAuthenticationFilter:51 - couldn't find bearer string, will ignore the header
2023-02-11 17:18:43 WARN  JwtAuthenticationFilter:51 - couldn't find bearer string, will ignore the header
2023-02-11 17:18:43 WARN  JwtAuthenticationFilter:51 - couldn't find bearer string, will ignore the header
2023-02-11 17:18:43 WARN  JwtAuthenticationFilter:51 - couldn't find bearer string, will ignore the header
2023-02-11 17:18:43 WARN  JwtAuthenticationFilter:51 - couldn't find bearer string, will ignore the header
2023-02-11 17:18:43 WARN  JwtAuthenticationFilter:51 - couldn't find bearer string, will ignore the header
2023-02-11 17:18:43 WARN  JwtAuthenticationFilter:51 - couldn't find bearer string, will ignore the header
2023-02-11 17:18:43 WARN  JwtAuthenticationFilter:51 - couldn't find bearer string, will ignore the header
2023-02-11 17:18:43 WARN  JwtAuthenticationFilter:51 - couldn't find bearer string, will ignore the header
2023-02-11 17:18:43 WARN  JwtAuthenticationFilter:51 - couldn't find bearer string, will ignore the header
2023-02-11 17:18:43 WARN  JwtAuthenticationFilter:51 - couldn't find bearer string, will ignore the header
2023-02-11 17:18:43 WARN  JwtAuthenticationFilter:51 - couldn't find bearer string, will ignore the header
2023-02-11 17:18:43 WARN  JwtAuthenticationFilter:51 - couldn't find bearer string, will ignore the header
2023-02-11 17:18:43 WARN  JwtAuthenticationFilter:51 - couldn't find bearer string, will ignore the header
2023-02-11 17:18:43 WARN  JwtAuthenticationFilter:51 - couldn't find bearer string, will ignore the header
2023-02-11 17:18:43 WARN  JwtAuthenticationFilter:51 - couldn't find bearer string, will ignore the header
2023-02-11 17:18:44 WARN  JwtAuthenticationFilter:51 - couldn't find bearer string, will ignore the header
2023-02-11 17:18:44 WARN  JwtAuthenticationFilter:51 - couldn't find bearer string, will ignore the header
2023-02-11 17:18:44 WARN  JwtAuthenticationFilter:51 - couldn't find bearer string, will ignore the header
2023-02-11 17:18:44 WARN  JwtAuthenticationFilter:51 - couldn't find bearer string, will ignore the header
2023-02-11 17:18:44 WARN  JwtAuthenticationFilter:51 - couldn't find bearer string, will ignore the header
2023-02-11 17:18:44 WARN  JwtAuthenticationFilter:51 - couldn't find bearer string, will ignore the header
2023-02-11 17:18:45 WARN  JwtAuthenticationFilter:51 - couldn't find bearer string, will ignore the header
2023-02-11 17:18:45 WARN  JwtAuthenticationFilter:51 - couldn't find bearer string, will ignore the header
2023-02-11 17:18:45 WARN  JwtAuthenticationFilter:51 - couldn't find bearer string, will ignore the header
2023-02-11 17:18:45 WARN  JwtAuthenticationFilter:51 - couldn't find bearer string, will ignore the header
2023-02-11 17:18:45 WARN  JwtAuthenticationFilter:51 - couldn't find bearer string, will ignore the header
2023-02-11 17:18:45 WARN  JwtAuthenticationFilter:51 - couldn't find bearer string, will ignore the header
2023-02-11 17:18:45 WARN  JwtAuthenticationFilter:51 - couldn't find bearer string, will ignore the header
2023-02-11 17:18:45 WARN  JwtAuthenticationFilter:51 - couldn't find bearer string, will ignore the header
2023-02-11 17:18:45 WARN  JwtAuthenticationFilter:51 - couldn't find bearer string, will ignore the header
2023-02-11 17:18:45 WARN  JwtAuthenticationFilter:51 - couldn't find bearer string, will ignore the header
2023-02-11 17:18:45 WARN  JwtAuthenticationFilter:51 - couldn't find bearer string, will ignore the header
2023-02-11 17:18:45 WARN  JwtAuthenticationFilter:51 - couldn't find bearer string, will ignore the header
2023-02-11 17:18:45 WARN  JwtAuthenticationFilter:51 - couldn't find bearer string, will ignore the header
2023-02-11 17:18:45 WARN  JwtAuthenticationFilter:51 - couldn't find bearer string, will ignore the header
2023-02-11 17:18:45 WARN  JwtAuthenticationFilter:51 - couldn't find bearer string, will ignore the header
2023-02-11 17:18:45 WARN  JwtAuthenticationFilter:51 - couldn't find bearer string, will ignore the header
2023-02-11 17:18:45 WARN  JwtAuthenticationFilter:51 - couldn't find bearer string, will ignore the header
2023-02-11 17:18:45 WARN  JwtAuthenticationFilter:51 - couldn't find bearer string, will ignore the header
2023-02-11 17:18:45 WARN  JwtAuthenticationFilter:51 - couldn't find bearer string, will ignore the header
2023-02-11 17:18:45 WARN  JwtAuthenticationFilter:51 - couldn't find bearer string, will ignore the header
2023-02-11 17:18:46 WARN  JwtAuthenticationFilter:51 - couldn't find bearer string, will ignore the header
2023-02-11 17:18:46 WARN  JwtAuthenticationFilter:51 - couldn't find bearer string, will ignore the header
2023-02-11 17:18:46 WARN  JwtAuthenticationFilter:51 - couldn't find bearer string, will ignore the header
2023-02-11 17:18:46 WARN  JwtAuthenticationFilter:51 - couldn't find bearer string, will ignore the header
2023-02-11 17:18:46 WARN  JwtAuthenticationFilter:51 - couldn't find bearer string, will ignore the header
2023-02-11 17:18:46 WARN  JwtAuthenticationFilter:51 - couldn't find bearer string, will ignore the header
2023-02-11 17:18:46 WARN  JwtAuthenticationFilter:51 - couldn't find bearer string, will ignore the header
2023-02-11 17:18:46 WARN  JwtAuthenticationFilter:51 - couldn't find bearer string, will ignore the header
2023-02-11 17:18:46 WARN  JwtAuthenticationFilter:51 - couldn't find bearer string, will ignore the header
2023-02-11 17:18:46 WARN  JwtAuthenticationFilter:51 - couldn't find bearer string, will ignore the header
2023-02-11 17:18:46 WARN  JwtAuthenticationFilter:51 - couldn't find bearer string, will ignore the header
2023-02-11 17:18:46 WARN  JwtAuthenticationFilter:51 - couldn't find bearer string, will ignore the header
2023-02-11 17:18:46 WARN  JwtAuthenticationFilter:51 - couldn't find bearer string, will ignore the header
2023-02-11 17:18:46 WARN  JwtAuthenticationFilter:51 - couldn't find bearer string, will ignore the header
2023-02-11 17:18:46 WARN  JwtAuthenticationFilter:51 - couldn't find bearer string, will ignore the header
2023-02-11 17:18:46 WARN  JwtAuthenticationFilter:51 - couldn't find bearer string, will ignore the header
2023-02-11 17:18:46 WARN  JwtAuthenticationFilter:51 - couldn't find bearer string, will ignore the header
2023-02-11 17:18:46 WARN  JwtAuthenticationFilter:51 - couldn't find bearer string, will ignore the header
2023-02-11 17:18:46 WARN  JwtAuthenticationFilter:51 - couldn't find bearer string, will ignore the header
2023-02-11 17:18:46 WARN  JwtAuthenticationFilter:51 - couldn't find bearer string, will ignore the header
2023-02-11 17:18:47 WARN  JwtAuthenticationFilter:51 - couldn't find bearer string, will ignore the header
2023-02-11 17:18:47 WARN  JwtAuthenticationFilter:51 - couldn't find bearer string, will ignore the header
2023-02-11 17:18:47 WARN  JwtAuthenticationFilter:51 - couldn't find bearer string, will ignore the header
2023-02-11 17:18:47 WARN  JwtAuthenticationFilter:51 - couldn't find bearer string, will ignore the header
2023-02-11 17:18:47 WARN  JwtAuthenticationFilter:51 - couldn't find bearer string, will ignore the header
2023-02-11 17:18:47 WARN  JwtAuthenticationFilter:51 - couldn't find bearer string, will ignore the header
2023-02-11 17:18:47 WARN  JwtAuthenticationFilter:51 - couldn't find bearer string, will ignore the header
2023-02-11 17:18:47 WARN  JwtAuthenticationFilter:51 - couldn't find bearer string, will ignore the header
2023-02-11 17:18:47 WARN  JwtAuthenticationFilter:51 - couldn't find bearer string, will ignore the header
2023-02-11 17:18:47 WARN  JwtAuthenticationFilter:51 - couldn't find bearer string, will ignore the header
2023-02-11 17:18:48 WARN  JwtAuthenticationFilter:51 - couldn't find bearer string, will ignore the header
2023-02-11 17:18:48 WARN  JwtAuthenticationFilter:51 - couldn't find bearer string, will ignore the header
2023-02-11 17:18:48 WARN  JwtAuthenticationFilter:51 - couldn't find bearer string, will ignore the header
2023-02-11 17:18:48 WARN  JwtAuthenticationFilter:51 - couldn't find bearer string, will ignore the header
2023-02-11 17:18:48 WARN  JwtAuthenticationFilter:51 - couldn't find bearer string, will ignore the header
2023-02-11 17:18:48 WARN  JwtAuthenticationFilter:51 - couldn't find bearer string, will ignore the header
2023-02-11 17:18:48 WARN  JwtAuthenticationFilter:51 - couldn't find bearer string, will ignore the header
2023-02-11 17:18:48 WARN  JwtAuthenticationFilter:51 - couldn't find bearer string, will ignore the header
2023-02-11 17:18:48 WARN  JwtAuthenticationFilter:51 - couldn't find bearer string, will ignore the header
2023-02-11 17:18:48 WARN  JwtAuthenticationFilter:51 - couldn't find bearer string, will ignore the header
2023-02-11 17:18:48 WARN  JwtAuthenticationFilter:51 - couldn't find bearer string, will ignore the header
2023-02-11 17:18:48 WARN  JwtAuthenticationFilter:51 - couldn't find bearer string, will ignore the header
2023-02-11 17:18:48 WARN  JwtAuthenticationFilter:51 - couldn't find bearer string, will ignore the header
2023-02-11 17:18:48 WARN  JwtAuthenticationFilter:51 - couldn't find bearer string, will ignore the header
2023-02-11 17:18:48 WARN  JwtAuthenticationFilter:51 - couldn't find bearer string, will ignore the header
2023-02-11 17:18:48 WARN  JwtAuthenticationFilter:51 - couldn't find bearer string, will ignore the header
2023-02-11 17:18:48 WARN  JwtAuthenticationFilter:51 - couldn't find bearer string, will ignore the header
2023-02-11 17:18:48 WARN  JwtAuthenticationFilter:51 - couldn't find bearer string, will ignore the header
2023-02-11 17:18:48 WARN  JwtAuthenticationFilter:51 - couldn't find bearer string, will ignore the header
2023-02-11 17:18:48 WARN  JwtAuthenticationFilter:51 - couldn't find bearer string, will ignore the header
2023-02-11 17:18:48 WARN  JwtAuthenticationFilter:51 - couldn't find bearer string, will ignore the header
2023-02-11 17:18:49 WARN  JwtAuthenticationFilter:51 - couldn't find bearer string, will ignore the header
2023-02-11 17:18:49 WARN  JwtAuthenticationFilter:51 - couldn't find bearer string, will ignore the header
2023-02-11 17:18:49 WARN  JwtAuthenticationFilter:51 - couldn't find bearer string, will ignore the header
2023-02-11 17:18:49 WARN  JwtAuthenticationFilter:51 - couldn't find bearer string, will ignore the header
2023-02-11 17:18:49 WARN  JwtAuthenticationFilter:51 - couldn't find bearer string, will ignore the header
2023-02-11 17:18:49 WARN  JwtAuthenticationFilter:51 - couldn't find bearer string, will ignore the header
2023-02-11 17:18:49 WARN  JwtAuthenticationFilter:51 - couldn't find bearer string, will ignore the header
2023-02-11 17:18:49 WARN  JwtAuthenticationFilter:51 - couldn't find bearer string, will ignore the header
2023-02-11 17:18:49 WARN  JwtAuthenticationFilter:51 - couldn't find bearer string, will ignore the header
2023-02-11 17:18:50 WARN  JwtAuthenticationFilter:51 - couldn't find bearer string, will ignore the header
2023-02-11 17:18:50 WARN  JwtAuthenticationFilter:51 - couldn't find bearer string, will ignore the header
2023-02-11 17:18:50 WARN  JwtAuthenticationFilter:51 - couldn't find bearer string, will ignore the header
2023-02-11 17:18:50 WARN  JwtAuthenticationFilter:51 - couldn't find bearer string, will ignore the header
2023-02-11 17:18:50 WARN  JwtAuthenticationFilter:51 - couldn't find bearer string, will ignore the header
2023-02-11 17:18:50 WARN  JwtAuthenticationFilter:51 - couldn't find bearer string, will ignore the header
2023-02-11 17:18:50 WARN  JwtAuthenticationFilter:51 - couldn't find bearer string, will ignore the header
2023-02-11 17:18:50 WARN  JwtAuthenticationFilter:51 - couldn't find bearer string, will ignore the header
2023-02-11 17:18:50 WARN  JwtAuthenticationFilter:51 - couldn't find bearer string, will ignore the header
2023-02-11 17:18:50 WARN  JwtAuthenticationFilter:51 - couldn't find bearer string, will ignore the header
2023-02-11 17:18:50 WARN  JwtAuthenticationFilter:51 - couldn't find bearer string, will ignore the header
2023-02-11 17:18:50 WARN  JwtAuthenticationFilter:51 - couldn't find bearer string, will ignore the header
2023-02-11 17:18:50 WARN  JwtAuthenticationFilter:51 - couldn't find bearer string, will ignore the header
2023-02-11 17:18:50 WARN  JwtAuthenticationFilter:51 - couldn't find bearer string, will ignore the header
2023-02-11 17:18:50 WARN  JwtAuthenticationFilter:51 - couldn't find bearer string, will ignore the header
2023-02-11 17:18:50 WARN  JwtAuthenticationFilter:51 - couldn't find bearer string, will ignore the header
2023-02-11 17:18:50 WARN  JwtAuthenticationFilter:51 - couldn't find bearer string, will ignore the header
2023-02-11 17:18:51 WARN  JwtAuthenticationFilter:51 - couldn't find bearer string, will ignore the header
2023-02-11 17:18:51 WARN  JwtAuthenticationFilter:51 - couldn't find bearer string, will ignore the header
2023-02-11 17:18:51 WARN  JwtAuthenticationFilter:51 - couldn't find bearer string, will ignore the header
2023-02-11 17:18:51 WARN  JwtAuthenticationFilter:51 - couldn't find bearer string, will ignore the header
2023-02-11 17:18:51 WARN  JwtAuthenticationFilter:51 - couldn't find bearer string, will ignore the header
2023-02-11 17:18:51 WARN  JwtAuthenticationFilter:51 - couldn't find bearer string, will ignore the header
2023-02-11 17:18:51 WARN  JwtAuthenticationFilter:51 - couldn't find bearer string, will ignore the header
2023-02-11 17:18:51 WARN  JwtAuthenticationFilter:51 - couldn't find bearer string, will ignore the header
2023-02-11 17:18:51 WARN  JwtAuthenticationFilter:51 - couldn't find bearer string, will ignore the header
2023-02-11 17:18:51 WARN  JwtAuthenticationFilter:51 - couldn't find bearer string, will ignore the header
2023-02-11 17:18:51 WARN  JwtAuthenticationFilter:51 - couldn't find bearer string, will ignore the header
2023-02-11 17:18:51 WARN  JwtAuthenticationFilter:51 - couldn't find bearer string, will ignore the header
2023-02-11 17:18:51 WARN  JwtAuthenticationFilter:51 - couldn't find bearer string, will ignore the header
2023-02-11 17:18:51 WARN  JwtAuthenticationFilter:51 - couldn't find bearer string, will ignore the header
2023-02-11 17:18:51 WARN  JwtAuthenticationFilter:51 - couldn't find bearer string, will ignore the header
2023-02-11 17:18:51 WARN  JwtAuthenticationFilter:51 - couldn't find bearer string, will ignore the header
2023-02-11 17:18:51 WARN  JwtAuthenticationFilter:51 - couldn't find bearer string, will ignore the header
2023-02-11 17:18:51 WARN  JwtAuthenticationFilter:51 - couldn't find bearer string, will ignore the header
2023-02-11 17:18:51 WARN  JwtAuthenticationFilter:51 - couldn't find bearer string, will ignore the header
2023-02-11 17:18:51 WARN  JwtAuthenticationFilter:51 - couldn't find bearer string, will ignore the header
2023-02-11 17:19:29 WARN  JwtAuthenticationFilter:51 - couldn't find bearer string, will ignore the header
2023-02-11 17:19:29 WARN  JwtAuthenticationFilter:51 - couldn't find bearer string, will ignore the header
2023-02-11 17:19:29 WARN  JwtAuthenticationFilter:51 - couldn't find bearer string, will ignore the header
2023-02-11 17:19:29 WARN  JwtAuthenticationFilter:51 - couldn't find bearer string, will ignore the header
2023-02-11 17:19:29 WARN  JwtAuthenticationFilter:51 - couldn't find bearer string, will ignore the header
2023-02-11 17:19:29 WARN  JwtAuthenticationFilter:51 - couldn't find bearer string, will ignore the header
2023-02-11 17:19:29 WARN  JwtAuthenticationFilter:51 - couldn't find bearer string, will ignore the header
2023-02-11 17:19:29 WARN  JwtAuthenticationFilter:51 - couldn't find bearer string, will ignore the header
2023-02-11 17:19:29 WARN  JwtAuthenticationFilter:51 - couldn't find bearer string, will ignore the header
2023-02-11 17:19:29 WARN  JwtAuthenticationFilter:51 - couldn't find bearer string, will ignore the header
2023-02-11 17:19:29 WARN  JwtAuthenticationFilter:51 - couldn't find bearer string, will ignore the header
2023-02-11 17:19:30 WARN  JwtAuthenticationFilter:51 - couldn't find bearer string, will ignore the header
2023-02-11 17:19:30 WARN  JwtAuthenticationFilter:51 - couldn't find bearer string, will ignore the header
2023-02-11 17:19:30 WARN  JwtAuthenticationFilter:51 - couldn't find bearer string, will ignore the header
2023-02-11 17:19:30 WARN  JwtAuthenticationFilter:51 - couldn't find bearer string, will ignore the header
2023-02-11 17:19:30 WARN  JwtAuthenticationFilter:51 - couldn't find bearer string, will ignore the header
2023-02-11 17:19:30 WARN  JwtAuthenticationFilter:51 - couldn't find bearer string, will ignore the header
2023-02-11 17:19:31 WARN  JwtAuthenticationFilter:51 - couldn't find bearer string, will ignore the header
2023-02-11 17:19:31 WARN  JwtAuthenticationFilter:51 - couldn't find bearer string, will ignore the header
2023-02-11 17:19:32 WARN  JwtAuthenticationFilter:51 - couldn't find bearer string, will ignore the header
2023-02-11 17:19:32 WARN  JwtAuthenticationFilter:51 - couldn't find bearer string, will ignore the header
2023-02-11 17:19:32 WARN  JwtAuthenticationFilter:51 - couldn't find bearer string, will ignore the header
2023-02-11 17:19:35 WARN  JwtAuthenticationFilter:51 - couldn't find bearer string, will ignore the header
2023-02-11 17:19:35 WARN  JwtAuthenticationFilter:51 - couldn't find bearer string, will ignore the header
2023-02-11 17:19:35 WARN  JwtAuthenticationFilter:51 - couldn't find bearer string, will ignore the header
2023-02-11 17:19:35 WARN  JwtAuthenticationFilter:51 - couldn't find bearer string, will ignore the header
2023-02-11 17:19:35 WARN  JwtAuthenticationFilter:51 - couldn't find bearer string, will ignore the header
2023-02-11 17:19:35 WARN  JwtAuthenticationFilter:51 - couldn't find bearer string, will ignore the header
2023-02-11 17:19:35 WARN  JwtAuthenticationFilter:51 - couldn't find bearer string, will ignore the header
2023-02-11 17:19:35 WARN  JwtAuthenticationFilter:51 - couldn't find bearer string, will ignore the header
2023-02-11 17:19:35 WARN  JwtAuthenticationFilter:51 - couldn't find bearer string, will ignore the header
2023-02-11 17:19:35 WARN  JwtAuthenticationFilter:51 - couldn't find bearer string, will ignore the header
2023-02-11 17:19:35 WARN  JwtAuthenticationFilter:51 - couldn't find bearer string, will ignore the header
2023-02-11 17:19:35 WARN  JwtAuthenticationFilter:51 - couldn't find bearer string, will ignore the header
2023-02-11 17:19:35 WARN  JwtAuthenticationFilter:51 - couldn't find bearer string, will ignore the header
2023-02-11 17:19:35 WARN  JwtAuthenticationFilter:51 - couldn't find bearer string, will ignore the header
2023-02-11 17:19:35 WARN  JwtAuthenticationFilter:51 - couldn't find bearer string, will ignore the header
2023-02-11 17:19:35 WARN  JwtAuthenticationFilter:51 - couldn't find bearer string, will ignore the header
2023-02-11 17:19:35 WARN  JwtAuthenticationFilter:51 - couldn't find bearer string, will ignore the header
2023-02-11 17:19:35 WARN  JwtAuthenticationFilter:51 - couldn't find bearer string, will ignore the header
2023-02-11 17:19:35 WARN  JwtAuthenticationFilter:51 - couldn't find bearer string, will ignore the header
2023-02-11 17:19:35 WARN  JwtAuthenticationFilter:51 - couldn't find bearer string, will ignore the header
2023-02-11 17:19:35 WARN  JwtAuthenticationFilter:51 - couldn't find bearer string, will ignore the header
2023-02-11 17:19:35 WARN  JwtAuthenticationFilter:51 - couldn't find bearer string, will ignore the header
2023-02-11 17:19:35 WARN  JwtAuthenticationFilter:51 - couldn't find bearer string, will ignore the header
2023-02-11 17:19:35 WARN  JwtAuthenticationFilter:51 - couldn't find bearer string, will ignore the header
2023-02-11 17:19:35 WARN  JwtAuthenticationFilter:51 - couldn't find bearer string, will ignore the header
2023-02-11 17:19:36 WARN  JwtAuthenticationFilter:51 - couldn't find bearer string, will ignore the header
2023-02-11 17:19:36 WARN  JwtAuthenticationFilter:51 - couldn't find bearer string, will ignore the header
2023-02-11 17:19:36 WARN  JwtAuthenticationFilter:51 - couldn't find bearer string, will ignore the header
2023-02-11 17:19:36 WARN  JwtAuthenticationFilter:51 - couldn't find bearer string, will ignore the header
2023-02-11 17:19:36 WARN  JwtAuthenticationFilter:51 - couldn't find bearer string, will ignore the header
2023-02-11 17:19:57 WARN  JwtAuthenticationFilter:51 - couldn't find bearer string, will ignore the header
2023-02-11 17:19:57 WARN  JwtAuthenticationFilter:51 - couldn't find bearer string, will ignore the header
2023-02-11 17:19:57 WARN  JwtAuthenticationFilter:51 - couldn't find bearer string, will ignore the header
2023-02-11 17:20:06 WARN  JwtAuthenticationFilter:51 - couldn't find bearer string, will ignore the header
2023-02-11 17:20:06 WARN  JwtAuthenticationFilter:51 - couldn't find bearer string, will ignore the header
2023-02-11 17:20:06 WARN  JwtAuthenticationFilter:51 - couldn't find bearer string, will ignore the header
2023-02-11 17:20:06 WARN  JwtAuthenticationFilter:51 - couldn't find bearer string, will ignore the header
2023-02-11 17:20:06 WARN  JwtAuthenticationFilter:51 - couldn't find bearer string, will ignore the header
2023-02-11 17:20:06 WARN  JwtAuthenticationFilter:51 - couldn't find bearer string, will ignore the header
2023-02-11 17:20:06 WARN  JwtAuthenticationFilter:51 - couldn't find bearer string, will ignore the header
2023-02-11 17:20:06 WARN  JwtAuthenticationFilter:51 - couldn't find bearer string, will ignore the header
2023-02-11 17:20:06 WARN  JwtAuthenticationFilter:51 - couldn't find bearer string, will ignore the header
2023-02-11 17:20:06 WARN  JwtAuthenticationFilter:51 - couldn't find bearer string, will ignore the header
2023-02-11 17:21:00 WARN  JwtAuthenticationFilter:51 - couldn't find bearer string, will ignore the header
2023-02-11 17:21:00 WARN  JwtAuthenticationFilter:51 - couldn't find bearer string, will ignore the header
2023-02-11 17:21:00 WARN  JwtAuthenticationFilter:51 - couldn't find bearer string, will ignore the header
2023-02-11 17:21:00 WARN  JwtAuthenticationFilter:51 - couldn't find bearer string, will ignore the header
2023-02-11 17:21:00 WARN  JwtAuthenticationFilter:51 - couldn't find bearer string, will ignore the header
2023-02-11 17:21:00 WARN  JwtAuthenticationFilter:51 - couldn't find bearer string, will ignore the header
2023-02-11 17:21:00 WARN  JwtAuthenticationFilter:51 - couldn't find bearer string, will ignore the header
2023-02-11 17:21:00 WARN  JwtAuthenticationFilter:51 - couldn't find bearer string, will ignore the header
2023-02-11 17:21:00 WARN  JwtAuthenticationFilter:51 - couldn't find bearer string, will ignore the header
2023-02-11 17:21:00 WARN  JwtAuthenticationFilter:51 - couldn't find bearer string, will ignore the header
2023-02-11 17:21:16 WARN  JwtAuthenticationFilter:51 - couldn't find bearer string, will ignore the header
2023-02-11 17:21:16 INFO  UserServiceImpl:28 - Saving user - start:UserDTO(id=0, email=test@gmail.com, password=Supa1807, isActive=true, roles=[ADMIN])
2023-02-11 17:21:16 INFO  RoleServiceImpl:22 - Get role by name: Optional.empty
2023-02-11 17:21:16 INFO  RoleServiceImpl:22 - Get role by name: Optional.empty
2023-02-11 17:21:16 INFO  UserServiceImpl:48 - Saving user - end:UserDTO(id=0, email=test@gmail.com, password=Supa1807, isActive=true, roles=[ADMIN])
2023-02-11 17:21:37 WARN  JwtAuthenticationFilter:51 - couldn't find bearer string, will ignore the header
2023-02-11 17:26:05 WARN  JwtAuthenticationFilter:51 - couldn't find bearer string, will ignore the header
2023-02-11 17:26:05 WARN  JwtAuthenticationFilter:51 - couldn't find bearer string, will ignore the header
2023-02-11 17:26:05 WARN  JwtAuthenticationFilter:51 - couldn't find bearer string, will ignore the header
2023-02-11 17:26:05 WARN  JwtAuthenticationFilter:51 - couldn't find bearer string, will ignore the header
2023-02-11 17:26:05 WARN  JwtAuthenticationFilter:51 - couldn't find bearer string, will ignore the header
2023-02-11 17:26:05 WARN  JwtAuthenticationFilter:51 - couldn't find bearer string, will ignore the header
2023-02-11 17:26:05 WARN  JwtAuthenticationFilter:51 - couldn't find bearer string, will ignore the header
2023-02-11 17:26:05 WARN  JwtAuthenticationFilter:51 - couldn't find bearer string, will ignore the header
2023-02-11 17:26:05 WARN  JwtAuthenticationFilter:51 - couldn't find bearer string, will ignore the header
2023-02-11 17:26:05 WARN  JwtAuthenticationFilter:51 - couldn't find bearer string, will ignore the header
2023-02-11 17:26:20 WARN  JwtAuthenticationFilter:51 - couldn't find bearer string, will ignore the header
2023-02-11 17:26:20 INFO  UserServiceImpl:28 - Saving user - start:UserDTO(id=0, email=test@gmail.com, password=Supa1807, isActive=true, roles=[ADMIN])
2023-02-11 17:26:20 INFO  RoleServiceImpl:22 - Get role by name: Optional.empty
2023-02-11 17:26:20 INFO  RoleServiceImpl:22 - Get role by name: Optional.empty
2023-02-11 17:26:20 INFO  UserServiceImpl:48 - Saving user - end:UserDTO(id=0, email=test@gmail.com, password=Supa1807, isActive=true, roles=[ADMIN])
2023-02-11 17:26:39 WARN  JwtAuthenticationFilter:51 - couldn't find bearer string, will ignore the header
2023-02-11 17:27:02 WARN  JwtAuthenticationFilter:51 - couldn't find bearer string, will ignore the header
2023-02-11 17:27:02 WARN  JwtAuthenticationFilter:51 - couldn't find bearer string, will ignore the header
2023-02-11 17:27:02 WARN  JwtAuthenticationFilter:51 - couldn't find bearer string, will ignore the header
2023-02-11 17:27:02 WARN  JwtAuthenticationFilter:51 - couldn't find bearer string, will ignore the header
2023-02-11 17:27:02 WARN  JwtAuthenticationFilter:51 - couldn't find bearer string, will ignore the header
2023-02-11 17:27:02 WARN  JwtAuthenticationFilter:51 - couldn't find bearer string, will ignore the header
2023-02-11 17:27:02 WARN  JwtAuthenticationFilter:51 - couldn't find bearer string, will ignore the header
2023-02-11 17:27:02 WARN  JwtAuthenticationFilter:51 - couldn't find bearer string, will ignore the header
2023-02-11 17:27:02 WARN  JwtAuthenticationFilter:51 - couldn't find bearer string, will ignore the header
2023-02-11 17:27:02 WARN  JwtAuthenticationFilter:51 - couldn't find bearer string, will ignore the header
2023-02-11 17:27:14 WARN  JwtAuthenticationFilter:51 - couldn't find bearer string, will ignore the header
2023-02-11 17:27:14 INFO  UserServiceImpl:28 - Saving user - start:UserDTO(id=0, email=test@gmail.com, password=Supa1807, isActive=true, roles=[ADMIN])
2023-02-11 17:27:14 INFO  RoleServiceImpl:22 - Get role by name: Optional.empty
2023-02-11 17:27:14 INFO  RoleServiceImpl:22 - Get role by name: Optional.empty
2023-02-11 17:27:14 INFO  UserServiceImpl:48 - Saving user - end:UserDTO(id=0, email=test@gmail.com, password=Supa1807, isActive=true, roles=[ADMIN])
2023-02-11 17:27:27 WARN  JwtAuthenticationFilter:51 - couldn't find bearer string, will ignore the header
2023-02-11 17:27:33 WARN  JwtAuthenticationFilter:51 - couldn't find bearer string, will ignore the header
2023-02-11 17:28:09 WARN  JwtAuthenticationFilter:51 - couldn't find bearer string, will ignore the header
2023-02-11 17:28:09 WARN  JwtAuthenticationFilter:51 - couldn't find bearer string, will ignore the header
2023-02-11 17:28:09 WARN  JwtAuthenticationFilter:51 - couldn't find bearer string, will ignore the header
2023-02-11 17:28:09 WARN  JwtAuthenticationFilter:51 - couldn't find bearer string, will ignore the header
2023-02-11 17:28:09 WARN  JwtAuthenticationFilter:51 - couldn't find bearer string, will ignore the header
2023-02-11 17:28:09 WARN  JwtAuthenticationFilter:51 - couldn't find bearer string, will ignore the header
2023-02-11 17:28:10 WARN  JwtAuthenticationFilter:51 - couldn't find bearer string, will ignore the header
2023-02-11 17:28:10 WARN  JwtAuthenticationFilter:51 - couldn't find bearer string, will ignore the header
2023-02-11 17:28:10 WARN  JwtAuthenticationFilter:51 - couldn't find bearer string, will ignore the header
2023-02-11 17:28:10 WARN  JwtAuthenticationFilter:51 - couldn't find bearer string, will ignore the header
2023-02-11 17:28:14 WARN  JwtAuthenticationFilter:51 - couldn't find bearer string, will ignore the header
2023-02-11 17:28:32 WARN  JwtAuthenticationFilter:51 - couldn't find bearer string, will ignore the header
2023-02-11 17:28:32 INFO  UserServiceImpl:28 - Saving user - start:UserDTO(id=0, email=test@gmail.com, password=Supa1807, isActive=true, roles=[ADMIN])
2023-02-11 17:28:32 INFO  RoleServiceImpl:22 - Get role by name: Optional.empty
2023-02-11 17:28:32 INFO  RoleServiceImpl:22 - Get role by name: Optional.empty
2023-02-11 17:28:32 INFO  UserServiceImpl:48 - Saving user - end:UserDTO(id=0, email=test@gmail.com, password=Supa1807, isActive=true, roles=[ADMIN])
2023-02-11 17:28:47 WARN  JwtAuthenticationFilter:51 - couldn't find bearer string, will ignore the header
2023-02-11 17:28:52 WARN  JwtAuthenticationFilter:51 - couldn't find bearer string, will ignore the header
2023-02-11 17:35:31 WARN  JwtAuthenticationFilter:51 - couldn't find bearer string, will ignore the header
2023-02-11 17:35:38 WARN  JwtAuthenticationFilter:51 - couldn't find bearer string, will ignore the header
2023-02-11 17:35:38 INFO  AdTagServiceImpl:33 - Get all tags: [com.amirkenesbay.entity.AdTag@c0c4a33]
2023-02-11 17:36:08 WARN  JwtAuthenticationFilter:51 - couldn't find bearer string, will ignore the header
2023-02-11 18:36:34 WARN  JwtAuthenticationFilter:51 - couldn't find bearer string, will ignore the header
2023-02-11 18:36:34 WARN  JwtAuthenticationFilter:51 - couldn't find bearer string, will ignore the header
2023-02-11 18:36:34 WARN  JwtAuthenticationFilter:51 - couldn't find bearer string, will ignore the header
2023-02-11 18:36:34 WARN  JwtAuthenticationFilter:51 - couldn't find bearer string, will ignore the header
2023-02-11 18:36:34 WARN  JwtAuthenticationFilter:51 - couldn't find bearer string, will ignore the header
2023-02-11 18:36:34 WARN  JwtAuthenticationFilter:51 - couldn't find bearer string, will ignore the header
2023-02-11 18:36:34 WARN  JwtAuthenticationFilter:51 - couldn't find bearer string, will ignore the header
2023-02-11 18:36:34 WARN  JwtAuthenticationFilter:51 - couldn't find bearer string, will ignore the header
2023-02-11 18:36:34 WARN  JwtAuthenticationFilter:51 - couldn't find bearer string, will ignore the header
2023-02-11 18:36:34 WARN  JwtAuthenticationFilter:51 - couldn't find bearer string, will ignore the header
2023-02-11 18:36:55 WARN  JwtAuthenticationFilter:51 - couldn't find bearer string, will ignore the header
2023-02-11 18:37:07 WARN  JwtAuthenticationFilter:51 - couldn't find bearer string, will ignore the header
2023-02-11 18:37:11 WARN  JwtAuthenticationFilter:51 - couldn't find bearer string, will ignore the header
2023-02-11 18:37:11 INFO  UserServiceImpl:28 - Saving user - start:UserDTO(id=0, email=test@gmail.com, password=asdasdasdasd, isActive=true, roles=[ADMIN])
2023-02-11 18:37:11 INFO  RoleServiceImpl:22 - Get role by name: Optional.empty
2023-02-11 18:37:11 INFO  RoleServiceImpl:22 - Get role by name: Optional.empty
2023-02-11 18:37:11 INFO  UserServiceImpl:48 - Saving user - end:UserDTO(id=0, email=test@gmail.com, password=asdasdasdasd, isActive=true, roles=[ADMIN])
2023-02-11 18:37:36 WARN  JwtAuthenticationFilter:51 - couldn't find bearer string, will ignore the header
2023-02-11 19:25:41 WARN  JwtAuthenticationFilter:51 - couldn't find bearer string, will ignore the header
2023-02-11 19:27:32 WARN  JwtAuthenticationFilter:51 - couldn't find bearer string, will ignore the header
2023-02-11 19:27:32 WARN  JwtAuthenticationFilter:51 - couldn't find bearer string, will ignore the header
2023-02-11 19:27:32 WARN  JwtAuthenticationFilter:51 - couldn't find bearer string, will ignore the header
2023-02-11 19:27:32 WARN  JwtAuthenticationFilter:51 - couldn't find bearer string, will ignore the header
2023-02-11 19:27:32 WARN  JwtAuthenticationFilter:51 - couldn't find bearer string, will ignore the header
2023-02-11 19:27:32 WARN  JwtAuthenticationFilter:51 - couldn't find bearer string, will ignore the header
2023-02-11 19:27:32 WARN  JwtAuthenticationFilter:51 - couldn't find bearer string, will ignore the header
2023-02-11 19:27:32 WARN  JwtAuthenticationFilter:51 - couldn't find bearer string, will ignore the header
2023-02-11 19:27:32 WARN  JwtAuthenticationFilter:51 - couldn't find bearer string, will ignore the header
2023-02-11 19:27:32 WARN  JwtAuthenticationFilter:51 - couldn't find bearer string, will ignore the header
2023-02-11 19:28:32 WARN  JwtAuthenticationFilter:51 - couldn't find bearer string, will ignore the header
2023-02-11 19:28:32 WARN  JwtAuthenticationFilter:51 - couldn't find bearer string, will ignore the header
2023-02-11 19:28:32 WARN  JwtAuthenticationFilter:51 - couldn't find bearer string, will ignore the header
2023-02-11 19:28:32 WARN  JwtAuthenticationFilter:51 - couldn't find bearer string, will ignore the header
2023-02-11 19:28:32 WARN  JwtAuthenticationFilter:51 - couldn't find bearer string, will ignore the header
2023-02-11 19:28:32 WARN  JwtAuthenticationFilter:51 - couldn't find bearer string, will ignore the header
2023-02-11 19:28:32 WARN  JwtAuthenticationFilter:51 - couldn't find bearer string, will ignore the header
2023-02-11 19:28:33 WARN  JwtAuthenticationFilter:51 - couldn't find bearer string, will ignore the header
2023-02-11 19:28:33 WARN  JwtAuthenticationFilter:51 - couldn't find bearer string, will ignore the header
2023-02-11 19:28:33 WARN  JwtAuthenticationFilter:51 - couldn't find bearer string, will ignore the header
2023-02-11 19:28:39 WARN  JwtAuthenticationFilter:51 - couldn't find bearer string, will ignore the header
2023-02-11 19:28:39 WARN  JwtAuthenticationFilter:51 - couldn't find bearer string, will ignore the header
2023-02-11 19:28:39 WARN  JwtAuthenticationFilter:51 - couldn't find bearer string, will ignore the header
2023-02-11 19:28:39 WARN  JwtAuthenticationFilter:51 - couldn't find bearer string, will ignore the header
2023-02-11 19:28:39 WARN  JwtAuthenticationFilter:51 - couldn't find bearer string, will ignore the header
2023-02-11 19:28:39 WARN  JwtAuthenticationFilter:51 - couldn't find bearer string, will ignore the header
2023-02-11 19:28:39 WARN  JwtAuthenticationFilter:51 - couldn't find bearer string, will ignore the header
2023-02-11 19:28:39 WARN  JwtAuthenticationFilter:51 - couldn't find bearer string, will ignore the header
2023-02-11 19:28:39 WARN  JwtAuthenticationFilter:51 - couldn't find bearer string, will ignore the header
2023-02-11 19:28:40 WARN  JwtAuthenticationFilter:51 - couldn't find bearer string, will ignore the header
2023-02-11 19:29:40 WARN  JwtAuthenticationFilter:51 - couldn't find bearer string, will ignore the header
2023-02-11 19:29:40 WARN  JwtAuthenticationFilter:51 - couldn't find bearer string, will ignore the header
2023-02-11 19:29:40 WARN  JwtAuthenticationFilter:51 - couldn't find bearer string, will ignore the header
2023-02-11 19:29:40 WARN  JwtAuthenticationFilter:51 - couldn't find bearer string, will ignore the header
2023-02-11 19:29:40 WARN  JwtAuthenticationFilter:51 - couldn't find bearer string, will ignore the header
2023-02-11 19:29:40 WARN  JwtAuthenticationFilter:51 - couldn't find bearer string, will ignore the header
2023-02-11 19:29:40 WARN  JwtAuthenticationFilter:51 - couldn't find bearer string, will ignore the header
2023-02-11 19:29:40 WARN  JwtAuthenticationFilter:51 - couldn't find bearer string, will ignore the header
2023-02-11 19:29:40 WARN  JwtAuthenticationFilter:51 - couldn't find bearer string, will ignore the header
2023-02-11 19:29:40 WARN  JwtAuthenticationFilter:51 - couldn't find bearer string, will ignore the header
2023-02-11 19:29:40 WARN  JwtAuthenticationFilter:51 - couldn't find bearer string, will ignore the header
2023-02-11 19:30:48 WARN  JwtAuthenticationFilter:51 - couldn't find bearer string, will ignore the header
2023-02-11 19:30:48 WARN  JwtAuthenticationFilter:51 - couldn't find bearer string, will ignore the header
2023-02-11 19:30:48 WARN  JwtAuthenticationFilter:51 - couldn't find bearer string, will ignore the header
2023-02-11 19:30:48 WARN  JwtAuthenticationFilter:51 - couldn't find bearer string, will ignore the header
2023-02-11 19:30:48 WARN  JwtAuthenticationFilter:51 - couldn't find bearer string, will ignore the header
2023-02-11 19:30:48 WARN  JwtAuthenticationFilter:51 - couldn't find bearer string, will ignore the header
2023-02-11 19:30:48 WARN  JwtAuthenticationFilter:51 - couldn't find bearer string, will ignore the header
2023-02-11 19:30:48 WARN  JwtAuthenticationFilter:51 - couldn't find bearer string, will ignore the header
2023-02-11 19:30:48 WARN  JwtAuthenticationFilter:51 - couldn't find bearer string, will ignore the header
2023-02-11 19:30:48 WARN  JwtAuthenticationFilter:51 - couldn't find bearer string, will ignore the header
2023-02-11 19:30:52 WARN  JwtAuthenticationFilter:51 - couldn't find bearer string, will ignore the header
2023-02-11 19:30:52 WARN  JwtAuthenticationFilter:51 - couldn't find bearer string, will ignore the header
2023-02-11 19:30:52 WARN  JwtAuthenticationFilter:51 - couldn't find bearer string, will ignore the header
2023-02-11 19:30:52 WARN  JwtAuthenticationFilter:51 - couldn't find bearer string, will ignore the header
2023-02-11 19:30:52 WARN  JwtAuthenticationFilter:51 - couldn't find bearer string, will ignore the header
2023-02-11 19:30:52 WARN  JwtAuthenticationFilter:51 - couldn't find bearer string, will ignore the header
2023-02-11 19:30:52 WARN  JwtAuthenticationFilter:51 - couldn't find bearer string, will ignore the header
2023-02-11 19:30:52 WARN  JwtAuthenticationFilter:51 - couldn't find bearer string, will ignore the header
2023-02-11 19:30:52 WARN  JwtAuthenticationFilter:51 - couldn't find bearer string, will ignore the header
2023-02-11 19:30:52 WARN  JwtAuthenticationFilter:51 - couldn't find bearer string, will ignore the header
2023-02-11 19:31:53 WARN  JwtAuthenticationFilter:51 - couldn't find bearer string, will ignore the header
2023-02-11 19:31:53 WARN  JwtAuthenticationFilter:51 - couldn't find bearer string, will ignore the header
2023-02-11 19:31:53 WARN  JwtAuthenticationFilter:51 - couldn't find bearer string, will ignore the header
2023-02-11 19:31:53 WARN  JwtAuthenticationFilter:51 - couldn't find bearer string, will ignore the header
2023-02-11 19:31:53 WARN  JwtAuthenticationFilter:51 - couldn't find bearer string, will ignore the header
2023-02-11 19:31:53 WARN  JwtAuthenticationFilter:51 - couldn't find bearer string, will ignore the header
2023-02-11 19:31:53 WARN  JwtAuthenticationFilter:51 - couldn't find bearer string, will ignore the header
2023-02-11 19:31:53 WARN  JwtAuthenticationFilter:51 - couldn't find bearer string, will ignore the header
2023-02-11 19:31:53 WARN  JwtAuthenticationFilter:51 - couldn't find bearer string, will ignore the header
2023-02-11 19:31:53 WARN  JwtAuthenticationFilter:51 - couldn't find bearer string, will ignore the header
2023-02-11 19:32:16 WARN  JwtAuthenticationFilter:51 - couldn't find bearer string, will ignore the header
2023-02-11 19:32:16 WARN  JwtAuthenticationFilter:51 - couldn't find bearer string, will ignore the header
2023-02-11 19:32:16 WARN  JwtAuthenticationFilter:51 - couldn't find bearer string, will ignore the header
2023-02-11 19:32:16 WARN  JwtAuthenticationFilter:51 - couldn't find bearer string, will ignore the header
2023-02-11 19:32:16 WARN  JwtAuthenticationFilter:51 - couldn't find bearer string, will ignore the header
2023-02-11 19:32:16 WARN  JwtAuthenticationFilter:51 - couldn't find bearer string, will ignore the header
2023-02-11 19:32:16 WARN  JwtAuthenticationFilter:51 - couldn't find bearer string, will ignore the header
2023-02-11 19:32:16 WARN  JwtAuthenticationFilter:51 - couldn't find bearer string, will ignore the header
2023-02-11 19:32:16 WARN  JwtAuthenticationFilter:51 - couldn't find bearer string, will ignore the header
2023-02-11 19:32:16 WARN  JwtAuthenticationFilter:51 - couldn't find bearer string, will ignore the header
2023-02-11 20:43:24 WARN  JwtAuthenticationFilter:51 - couldn't find bearer string, will ignore the header
2023-02-11 20:43:24 WARN  JwtAuthenticationFilter:51 - couldn't find bearer string, will ignore the header
2023-02-11 20:43:24 WARN  JwtAuthenticationFilter:51 - couldn't find bearer string, will ignore the header
2023-02-11 20:43:24 WARN  JwtAuthenticationFilter:51 - couldn't find bearer string, will ignore the header
2023-02-11 20:43:24 WARN  JwtAuthenticationFilter:51 - couldn't find bearer string, will ignore the header
2023-02-11 20:43:24 WARN  JwtAuthenticationFilter:51 - couldn't find bearer string, will ignore the header
2023-02-11 20:43:24 WARN  JwtAuthenticationFilter:51 - couldn't find bearer string, will ignore the header
2023-02-11 20:43:24 WARN  JwtAuthenticationFilter:51 - couldn't find bearer string, will ignore the header
2023-02-11 20:43:24 WARN  JwtAuthenticationFilter:51 - couldn't find bearer string, will ignore the header
2023-02-11 20:43:24 WARN  JwtAuthenticationFilter:51 - couldn't find bearer string, will ignore the header
2023-02-11 20:43:27 WARN  JwtAuthenticationFilter:51 - couldn't find bearer string, will ignore the header
2023-02-11 20:43:43 WARN  JwtAuthenticationFilter:51 - couldn't find bearer string, will ignore the header
2023-02-11 20:43:44 INFO  UserServiceImpl:28 - Saving user - start:UserDTO(id=0, email=test@gmail.com, password=Supa1807, isActive=true, roles=[ADMIN])
2023-02-11 20:43:44 INFO  RoleServiceImpl:22 - Get role by name: Optional.empty
2023-02-11 20:43:44 INFO  RoleServiceImpl:22 - Get role by name: Optional.empty
2023-02-11 20:43:44 INFO  UserServiceImpl:48 - Saving user - end:UserDTO(id=0, email=test@gmail.com, password=Supa1807, isActive=true, roles=[ADMIN])
2023-02-11 20:43:56 WARN  JwtAuthenticationFilter:51 - couldn't find bearer string, will ignore the header
2023-02-11 20:44:04 WARN  JwtAuthenticationFilter:51 - couldn't find bearer string, will ignore the header
2023-02-11 20:53:57 WARN  JwtAuthenticationFilter:51 - couldn't find bearer string, will ignore the header
2023-02-11 20:53:57 INFO  UserServiceImpl:28 - Saving user - start:UserDTO(id=0, email=test@gmail.com, password=Supa1807, isActive=true, roles=[ADMIN])
2023-02-11 20:53:57 INFO  RoleServiceImpl:22 - Get role by name: Optional.empty
2023-02-11 20:53:57 INFO  RoleServiceImpl:22 - Get role by name: Optional.empty
2023-02-11 20:53:57 INFO  UserServiceImpl:48 - Saving user - end:UserDTO(id=0, email=test@gmail.com, password=Supa1807, isActive=true, roles=[ADMIN])
2023-02-11 20:54:02 WARN  JwtAuthenticationFilter:51 - couldn't find bearer string, will ignore the header
2023-02-11 20:54:06 WARN  JwtAuthenticationFilter:51 - couldn't find bearer string, will ignore the header
2023-02-11 20:55:37 WARN  JwtAuthenticationFilter:51 - couldn't find bearer string, will ignore the header
2023-02-11 20:55:37 INFO  UserServiceImpl:28 - Saving user - start:UserDTO(id=0, email=test@gmail.com, password=Supa1807, isActive=true, roles=[ADMIN])
2023-02-11 20:55:37 INFO  RoleServiceImpl:22 - Get role by name: Optional.empty
2023-02-11 20:55:37 INFO  RoleServiceImpl:22 - Get role by name: Optional.empty
2023-02-11 20:55:37 INFO  UserServiceImpl:48 - Saving user - end:UserDTO(id=0, email=test@gmail.com, password=Supa1807, isActive=true, roles=[ADMIN])
2023-02-11 20:55:40 WARN  JwtAuthenticationFilter:51 - couldn't find bearer string, will ignore the header
2023-02-11 20:55:44 WARN  JwtAuthenticationFilter:51 - couldn't find bearer string, will ignore the header
2023-02-11 20:58:05 WARN  JwtAuthenticationFilter:51 - couldn't find bearer string, will ignore the header
2023-02-11 20:58:05 INFO  UserServiceImpl:28 - Saving user - start:UserDTO(id=0, email=test@gmail.com, password=Supa1807, isActive=true, roles=[ADMIN])
2023-02-11 20:58:06 INFO  RoleServiceImpl:22 - Get role by name: Optional.empty
2023-02-11 20:58:06 INFO  RoleServiceImpl:22 - Get role by name: Optional.empty
2023-02-11 20:58:06 INFO  UserServiceImpl:48 - Saving user - end:UserDTO(id=0, email=test@gmail.com, password=Supa1807, isActive=true, roles=[ADMIN])
2023-02-11 20:58:09 WARN  JwtAuthenticationFilter:51 - couldn't find bearer string, will ignore the header
2023-02-11 20:58:11 WARN  JwtAuthenticationFilter:51 - couldn't find bearer string, will ignore the header
2023-02-11 21:06:15 WARN  JwtAuthenticationFilter:51 - couldn't find bearer string, will ignore the header
2023-02-11 21:06:15 INFO  UserServiceImpl:28 - Saving user - start:UserDTO(id=0, email=test@gmail.com, password=Supa1807, isActive=true, roles=[ADMIN])
2023-02-11 21:06:16 INFO  RoleServiceImpl:22 - Get role by name: Optional.empty
2023-02-11 21:06:16 INFO  RoleServiceImpl:22 - Get role by name: Optional.empty
2023-02-11 21:06:16 INFO  UserServiceImpl:48 - Saving user - end:UserDTO(id=0, email=test@gmail.com, password=Supa1807, isActive=true, roles=[ADMIN])
2023-02-11 21:06:18 WARN  JwtAuthenticationFilter:51 - couldn't find bearer string, will ignore the header
2023-02-11 21:06:21 WARN  JwtAuthenticationFilter:51 - couldn't find bearer string, will ignore the header
2023-02-11 21:06:21 INFO  UserServiceImpl:65 - Get all users by email:Optional.empty
2023-02-11 21:08:21 WARN  JwtAuthenticationFilter:51 - couldn't find bearer string, will ignore the header
2023-02-11 21:08:21 INFO  UserServiceImpl:28 - Saving user - start:UserDTO(id=0, email=test@gmail.com, password=Supa1807, isActive=true, roles=[ADMIN])
2023-02-11 21:08:22 INFO  RoleServiceImpl:22 - Get role by name: Optional.empty
2023-02-11 21:08:22 INFO  RoleServiceImpl:22 - Get role by name: Optional.empty
2023-02-11 21:08:22 INFO  UserServiceImpl:48 - Saving user - end:UserDTO(id=0, email=test@gmail.com, password=Supa1807, isActive=true, roles=[ADMIN])
2023-02-11 21:08:26 WARN  JwtAuthenticationFilter:51 - couldn't find bearer string, will ignore the header
2023-02-11 21:08:29 WARN  JwtAuthenticationFilter:51 - couldn't find bearer string, will ignore the header
2023-02-11 21:09:42 WARN  JwtAuthenticationFilter:51 - couldn't find bearer string, will ignore the header
2023-02-11 21:09:42 INFO  UserServiceImpl:28 - Saving user - start:UserDTO(id=0, email=test@gmail.com, password=Supa1807, isActive=true, roles=[ADMIN])
2023-02-11 21:09:42 INFO  RoleServiceImpl:22 - Get role by name: Optional.empty
2023-02-11 21:09:42 INFO  RoleServiceImpl:22 - Get role by name: Optional.empty
2023-02-11 21:09:42 INFO  UserServiceImpl:48 - Saving user - end:UserDTO(id=0, email=test@gmail.com, password=Supa1807, isActive=true, roles=[ADMIN])
2023-02-11 21:09:45 WARN  JwtAuthenticationFilter:51 - couldn't find bearer string, will ignore the header
2023-02-11 21:09:49 WARN  JwtAuthenticationFilter:51 - couldn't find bearer string, will ignore the header
2023-02-11 21:09:49 INFO  UserServiceImpl:65 - Get all users by email:Optional.empty
